[2026-04-11T21:18:39.251136+00:00] Nondeterminism check — 27 mismatched patients, 3 runs each
[2026-04-11T21:18:39.251238+00:00] [1/27] en-lus  (GR1: F/59.05, prior: D-/60.87)
[2026-04-11T21:18:44.412130+00:00]     run 1: D-/60.87
[2026-04-11T21:18:49.622629+00:00]     run 2: D-/60.87
[2026-04-11T21:18:54.801522+00:00]     run 3: D-/60.87
[2026-04-11T21:18:55.001735+00:00]     => stable_differs_from_gr1_environmental
[2026-04-11T21:18:55.001957+00:00] [2/27] ha-en  (GR1: F/59.38, prior: D-/62.27)
[2026-04-11T21:19:01.340240+00:00]     run 1: D-/62.27
[2026-04-11T21:19:07.768957+00:00]     run 2: D-/62.27
[2026-04-11T21:19:14.218151+00:00]     run 3: D-/62.27
[2026-04-11T21:19:14.418416+00:00]     => stable_differs_from_gr1_environmental
[2026-04-11T21:19:14.418596+00:00] [3/27] ho-en  (GR1: F/56.47, prior: D-/61.85)
[2026-04-11T21:19:19.138886+00:00]     run 1: D-/62.05
[2026-04-11T21:19:24.040285+00:00]     run 2: D-/62.12
[2026-04-11T21:19:29.011011+00:00]     run 3: D-/62.0
[2026-04-11T21:19:29.211192+00:00]     => stable_differs_from_gr1_environmental
[2026-04-11T21:19:29.211361+00:00] [4/27] kwn-en  (GR1: F/58.48, prior: D-/62.14)
[2026-04-11T21:19:34.095540+00:00]     run 1: D-/62.2
[2026-04-11T21:19:39.108477+00:00]     run 2: D-/62.2
[2026-04-11T21:19:44.181815+00:00]     run 3: D-/62.2
[2026-04-11T21:19:44.383193+00:00]     => stable_differs_from_gr1_environmental
[2026-04-11T21:19:44.383351+00:00] [5/27] loz-en  (GR1: D-/60.39, prior: F/58.21)
[2026-04-11T21:19:50.253682+00:00]     run 1: D/63.8
[2026-04-11T21:19:56.396776+00:00]     run 2: D/63.8
[2026-04-11T21:20:02.492926+00:00]     run 3: D/63.8
[2026-04-11T21:20:02.693127+00:00]     => stable_differs_from_gr1_environmental
[2026-04-11T21:20:02.693289+00:00] [6/27] lue-en  (GR1: F/56.61, prior: D-/61.35)
[2026-04-11T21:20:08.292100+00:00]     run 1: D-/61.4
[2026-04-11T21:20:14.135057+00:00]     run 2: D-/61.36
[2026-04-11T21:20:19.954352+00:00]     run 3: D-/61.36
[2026-04-11T21:20:20.154662+00:00]     => stable_differs_from_gr1_environmental
[2026-04-11T21:20:20.154840+00:00] [7/27] luo-en  (GR1: F/59.65, prior: D-/62.37)
[2026-04-11T21:20:24.976933+00:00]     run 1: D-/62.37
[2026-04-11T21:20:29.983811+00:00]     run 2: D-/62.37
[2026-04-11T21:20:35.058439+00:00]     run 3: D-/62.37
[2026-04-11T21:20:35.258616+00:00]     => stable_differs_from_gr1_environmental
[2026-04-11T21:20:35.258767+00:00] [8/27] mg-en  (GR1: D-/60.79, prior: D/64.62)
[2026-04-11T21:20:39.774626+00:00]     run 1: D/64.62
[2026-04-11T21:20:44.502396+00:00]     run 2: D/64.62
[2026-04-11T21:20:49.246057+00:00]     run 3: D/64.62
[2026-04-11T21:20:49.446229+00:00]     => stable_differs_from_gr1_environmental
[2026-04-11T21:20:49.446367+00:00] [9/27] mh-en  (GR1: F/57.12, prior: D-/61.74)
[2026-04-11T21:20:55.573866+00:00]     run 1: D-/61.74
[2026-04-11T21:21:01.957406+00:00]     run 2: D-/61.71
[2026-04-11T21:21:08.321214+00:00]     run 3: D-/61.74
[2026-04-11T21:21:08.521588+00:00]     => stable_differs_from_gr1_environmental
[2026-04-11T21:21:08.521871+00:00] [10/27] mkh-en  (GR1: D-/61.29, prior: D/64.2)
[2026-04-11T21:21:13.870208+00:00]     run 1: D/64.2
[2026-04-11T21:21:19.426760+00:00]     run 2: D/64.2
[2026-04-11T21:21:24.941881+00:00]     run 3: D/64.2
[2026-04-11T21:21:25.142079+00:00]     => stable_differs_from_gr1_environmental
[2026-04-11T21:21:25.142247+00:00] [11/27] niu-en  (GR1: D-/60.23, prior: D/65.65)
[2026-04-11T21:21:30.210098+00:00]     run 1: D/65.64
[2026-04-11T21:21:35.541909+00:00]     run 2: D/65.63
[2026-04-11T21:21:40.932673+00:00]     run 3: D/65.52
[2026-04-11T21:21:41.132867+00:00]     => stable_differs_from_gr1_environmental
[2026-04-11T21:21:41.133027+00:00] [12/27] pap-en  (GR1: D/64.6, prior: D+/67.55)
[2026-04-11T21:21:46.965587+00:00]     run 1: D+/67.55
[2026-04-11T21:21:53.009342+00:00]     run 2: D+/67.55
[2026-04-11T21:21:59.141956+00:00]     run 3: D+/67.55
[2026-04-11T21:21:59.342236+00:00]     => stable_differs_from_gr1_environmental
[2026-04-11T21:21:59.342421+00:00] [13/27] phi-en  (GR1: D-/62.68, prior: D/65.14)
[2026-04-11T21:22:03.831244+00:00]     run 1: D/65.14
[2026-04-11T21:22:08.596318+00:00]     run 2: D/65.14
[2026-04-11T21:22:13.279848+00:00]     run 3: D/65.14
[2026-04-11T21:22:13.480144+00:00]     => stable_differs_from_gr1_environmental
[2026-04-11T21:22:13.480295+00:00] [14/27] pon-en  (GR1: F/53.34, prior: D-/61.48)
[2026-04-11T21:22:18.934638+00:00]     run 1: D-/61.53
[2026-04-11T21:22:24.472437+00:00]     run 2: D-/61.61
[2026-04-11T21:22:30.157914+00:00]     run 3: D-/61.51
[2026-04-11T21:22:30.358109+00:00]     => stable_differs_from_gr1_environmental
[2026-04-11T21:22:30.358297+00:00] [15/27] sal-en  (GR1: D-/61.52, prior: D/64.92)
[2026-04-11T21:22:34.923166+00:00]     run 1: D/64.92
[2026-04-11T21:22:39.607835+00:00]     run 2: D/64.92
[2026-04-11T21:22:44.355316+00:00]     run 3: D/64.92
[2026-04-11T21:22:44.555553+00:00]     => stable_differs_from_gr1_environmental
[2026-04-11T21:22:44.555786+00:00] [16/27] tc-bible-big-inc-en  (GR1: D-/62.94, prior: D/63.8)
[2026-04-11T21:22:50.302436+00:00]     run 1: D/63.8
[2026-04-11T21:22:56.309902+00:00]     run 2: D/63.8
[2026-04-11T21:23:02.401505+00:00]     run 3: D/63.8
[2026-04-11T21:23:02.601843+00:00]     => stable_differs_from_gr1_environmental
[2026-04-11T21:23:02.602049+00:00] [17/27] tiv-en  (GR1: F/58.89, prior: D-/61.21)
[2026-04-11T21:23:07.338987+00:00]     run 1: D-/61.21
[2026-04-11T21:23:12.329053+00:00]     run 2: D-/61.21
[2026-04-11T21:23:17.302372+00:00]     run 3: D-/61.21
[2026-04-11T21:23:17.502678+00:00]     => stable_differs_from_gr1_environmental
[2026-04-11T21:23:17.502840+00:00] [18/27] tll-en  (GR1: F/57.79, prior: D-/60.81)
[2026-04-11T21:23:22.991282+00:00]     run 1: D-/60.81
[2026-04-11T21:23:28.798445+00:00]     run 2: D-/60.81
[2026-04-11T21:23:34.609343+00:00]     run 3: D-/60.81
[2026-04-11T21:23:34.809649+00:00]     => stable_differs_from_gr1_environmental
[2026-04-11T21:23:34.809832+00:00] [19/27] toi-en  (GR1: F/58.41, prior: D-/61.66)
[2026-04-11T21:23:41.711858+00:00]     run 1: D-/61.66
[2026-04-11T21:23:48.822990+00:00]     run 2: D-/61.66
[2026-04-11T21:23:55.896822+00:00]     run 3: D-/61.66
[2026-04-11T21:23:56.097022+00:00]     => stable_differs_from_gr1_environmental
[2026-04-11T21:23:56.097192+00:00] [20/27] ts-en  (GR1: D-/61.22, prior: D/63.91)
[2026-04-11T21:24:02.441872+00:00]     run 1: D/63.91
[2026-04-11T21:24:08.955975+00:00]     run 2: D/63.91
[2026-04-11T21:24:15.528789+00:00]     run 3: D/63.91
[2026-04-11T21:24:15.728979+00:00]     => stable_differs_from_gr1_environmental
[2026-04-11T21:24:15.729139+00:00] [21/27] vi-en  (GR1: D/64.81, prior: D+/67.19)
[2026-04-11T21:24:22.076400+00:00]     run 1: D+/67.19
[2026-04-11T21:24:28.481838+00:00]     run 2: D+/67.19
[2026-04-11T21:24:34.979961+00:00]     run 3: D+/67.19
[2026-04-11T21:24:35.180229+00:00]     => stable_differs_from_gr1_environmental
[2026-04-11T21:24:35.180394+00:00] [22/27] zle-en  (GR1: D/66.56, prior: D+/67.18)
[2026-04-11T21:24:40.050483+00:00]     run 1: D+/67.18
[2026-04-11T21:24:45.101357+00:00]     run 2: D+/67.18
[2026-04-11T21:24:50.131646+00:00]     run 3: D+/67.18
[2026-04-11T21:24:50.331938+00:00]     => stable_differs_from_gr1_environmental
[2026-04-11T21:24:50.332107+00:00] [23/27] ht-en  (GR1: F/58.03, prior: D/63.35)
[2026-04-11T21:24:56.199067+00:00]     run 1: D/63.35
[2026-04-11T21:25:02.313246+00:00]     run 2: D/63.32
[2026-04-11T21:25:08.471238+00:00]     run 3: D/63.3
[2026-04-11T21:25:08.671446+00:00]     => stable_differs_from_gr1_environmental
[2026-04-11T21:25:08.671617+00:00] [24/27] ig-en  (GR1: F/57.65, prior: D/63.4)
[2026-04-11T21:25:14.428964+00:00]     run 1: D/63.42
[2026-04-11T21:25:20.404322+00:00]     run 2: D/63.42
[2026-04-11T21:25:26.482813+00:00]     run 3: D/63.38
[2026-04-11T21:25:26.683035+00:00]     => stable_differs_from_gr1_environmental
[2026-04-11T21:25:26.683268+00:00] [25/27] ilo-en  (GR1: D-/61.75, prior: D/64.4)
[2026-04-11T21:25:31.504879+00:00]     run 1: D/64.4
[2026-04-11T21:25:36.541308+00:00]     run 2: D/64.4
[2026-04-11T21:25:41.642749+00:00]     run 3: D/64.4
[2026-04-11T21:25:41.843079+00:00]     => stable_differs_from_gr1_environmental
[2026-04-11T21:25:41.843281+00:00] [26/27] rn-en  (GR1: F/57.97, prior: D/63.04)
[2026-04-11T21:25:46.515426+00:00]     run 1: D/63.04
[2026-04-11T21:25:51.268156+00:00]     run 2: D/63.04
[2026-04-11T21:25:56.018960+00:00]     run 3: D/63.04
[2026-04-11T21:25:56.219166+00:00]     => stable_differs_from_gr1_environmental
[2026-04-11T21:25:56.219330+00:00] [27/27] sem-en  (GR1: D-/61.35, prior: D/63.8)
[2026-04-11T21:26:00.810019+00:00]     run 1: D/63.8
[2026-04-11T21:26:05.572304+00:00]     run 2: D/63.8
[2026-04-11T21:26:10.393241+00:00]     run 3: D/63.8
[2026-04-11T21:26:10.593488+00:00]     => stable_differs_from_gr1_environmental
[2026-04-11T21:26:10.593683+00:00] Summary: {'stable_differs_from_gr1_environmental': 27}
