[2026-04-15T00:26:30.938073+00:00] [main] Built target list: 537 remaining models
[2026-04-15T00:26:30.938174+00:00] [main] Launching 5 parallel workers
[2026-04-15T00:26:30.949098+00:00] [w0] Worker 0 starting
[2026-04-15T00:26:35.958549+00:00] [w1] Worker 1 starting
[2026-04-15T00:26:40.969700+00:00] [w2] Worker 2 starting
[2026-04-15T00:26:45.978491+00:00] [w3] Worker 3 starting
[2026-04-15T00:26:50.987983+00:00] [w4] Worker 4 starting
[2026-04-15T00:28:59.419585+00:00] [main] Built target list: 535 remaining models
[2026-04-15T00:28:59.419654+00:00] [main] Launching 3 parallel workers
[2026-04-15T00:28:59.430183+00:00] [w0] Worker 0 starting
[2026-04-15T00:29:04.439993+00:00] [w1] Worker 1 starting
[2026-04-15T00:29:09.449459+00:00] [w2] Worker 2 starting
[2026-04-15T00:37:06.293434+00:00] [w0] ERROR iir-iir: TypeError: unsupported format string passed to NoneType.__format__
[2026-04-15T00:45:06.610374+00:00] [w1] ERROR inc-inc: TypeError: unsupported format string passed to NoneType.__format__
[2026-04-15T00:45:09.534947+00:00] [w0] ERROR ine-ine: TypeError: unsupported format string passed to NoneType.__format__
[2026-04-15T00:45:09.710549+00:00] [w2] IMPROVED iir-en: Δ+6.7 (483.9s)
[2026-04-15T00:52:54.269284+00:00] [w1] IMPROVED ine-en: Δ+11.1 (467.1s)
[2026-04-15T00:52:56.428003+00:00] [w2] IMPROVED iso-en: Δ+1.8 (466.2s)
[2026-04-15T01:00:09.824718+00:00] [w0] processed 5, latest=iso-es:no_improvement (436.1s)
[2026-04-15T01:00:11.318229+00:00] [w1] IMPROVED iso-fi: Δ+4.8 (436.5s)
[2026-04-15T01:00:12.411034+00:00] [w2] IMPROVED iso-fr: Δ+19.8 (435.5s)
[2026-04-15T01:07:50.349943+00:00] [w2] processed 5, latest=it-lt:no_improvement (457.8s)
[2026-04-15T01:07:51.881903+00:00] [w1] processed 5, latest=it-bg:no_improvement (460.4s)
[2026-04-15T01:07:52.107136+00:00] [w0] IMPROVED iso-sv: Δ+31.1 (461.8s)
[2026-04-15T01:07:52.111416+00:00] [w0] ERROR itc-itc: TypeError: unsupported format string passed to NoneType.__format__
[2026-04-15T01:16:00.353014+00:00] [w0] IMPROVED ja-fr: Δ+8.6 (487.7s)
[2026-04-15T01:23:51.172539+00:00] [w0] IMPROVED ja-vi: Δ+3.1 (470.3s)
[2026-04-15T01:23:51.510060+00:00] [w2] IMPROVED ja-tr: Δ+9.6 (471.0s)
[2026-04-15T01:31:19.002180+00:00] [w0] IMPROVED kg-sv: Δ+18.0 (447.3s)
[2026-04-15T01:31:20.838964+00:00] [w1] IMPROVED kg-fr: Δ+15.1 (450.6s)
[2026-04-15T01:39:24.490065+00:00] [w0] processed 10, latest=kqn-en:no_improvement (485.3s)
[2026-04-15T01:39:24.629078+00:00] [w2] IMPROVED kqn-fr: Δ+7.4 (475.0s)
[2026-04-15T01:47:14.365735+00:00] [w1] IMPROVED kqn-sv: Δ+19.6 (477.8s)
[2026-04-15T01:47:20.250585+00:00] [w0] IMPROVED kwn-en: Δ+24.1 (475.3s)
[2026-04-15T01:55:01.476071+00:00] [w0] IMPROVED kwy-sv: Δ+30.1 (460.7s)
[2026-04-15T01:55:34.325548+00:00] [w2] IMPROVED loz-de: Δ+0.8 (472.4s)
[2026-04-15T02:03:28.684289+00:00] [w2] IMPROVED loz-fi: Δ+10.2 (473.9s)
[2026-04-15T02:11:00.946628+00:00] [w1] IMPROVED loz-fr: Δ+5.9 (483.4s)
[2026-04-15T02:11:02.520559+00:00] [w0] IMPROVED loz-sv: Δ+17.5 (473.4s)
[2026-04-15T02:11:06.914969+00:00] [w2] processed 15, latest=lt-de:no_improvement (458.0s)
[2026-04-15T02:19:23.830932+00:00] [w0] processed 15, latest=lu-en:no_improvement (501.1s)
[2026-04-15T02:27:30.551949+00:00] [w1] IMPROVED lu-fi: Δ+23.7 (491.8s)
[2026-04-15T02:27:30.673650+00:00] [w0] IMPROVED lu-sv: Δ+32.1 (486.3s)
[2026-04-15T02:27:30.883767+00:00] [w2] IMPROVED lu-fr: Δ+15.0 (490.8s)
[2026-04-15T02:35:36.654100+00:00] [w2] IMPROVED lua-fi: Δ+21.7 (485.2s)
[2026-04-15T02:43:31.942427+00:00] [w2] IMPROVED lua-sv: Δ+4.5 (474.8s)
[2026-04-15T02:51:29.394491+00:00] [w2] processed 20, latest=lue-es:no_improvement (477.2s)
[2026-04-15T02:51:30.547627+00:00] [w0] IMPROVED lue-fi: Δ+38.6 (477.0s)
[2026-04-15T02:51:32.153713+00:00] [w1] IMPROVED lue-fr: Δ+7.7 (475.5s)
[2026-04-15T02:59:22.558073+00:00] [w2] IMPROVED lue-sv: Δ+24.9 (472.6s)
[2026-04-15T02:59:26.943065+00:00] [w1] IMPROVED lus-en: Δ+13.4 (474.3s)
[2026-04-15T02:59:27.045338+00:00] [w0] processed 20, latest=lun-en:no_improvement (476.3s)
[2026-04-15T03:07:07.646174+00:00] [w1] IMPROVED lus-fi: Δ+26.2 (460.2s)
[2026-04-15T03:07:08.100012+00:00] [w0] IMPROVED lus-fr: Δ+12.5 (460.6s)
[2026-04-15T03:14:14.716520+00:00] [w2] IMPROVED lus-sv: Δ+35.0 (437.7s)
[2026-04-15T03:22:06.306088+00:00] [w1] IMPROVED mh-fi: Δ+18.3 (471.3s)
[2026-04-15T03:22:07.269594+00:00] [w2] IMPROVED mkh-en: Δ+11.6 (472.0s)
[2026-04-15T03:29:21.863547+00:00] [w1] IMPROVED mul-en: Δ+5.7 (435.0s)
[2026-04-15T03:29:36.244010+00:00] [w2] IMPROVED ng-en: Δ+0.6 (448.5s)
[2026-04-15T03:35:40.710892+00:00] [w0] IMPROVED nic-en: Δ+4.8 (452.8s)
[2026-04-15T03:36:42.792724+00:00] [w1] IMPROVED niu-de: Δ+15.3 (440.5s)
[2026-04-15T03:42:56.874720+00:00] [w0] IMPROVED niu-fi: Δ+51.7 (435.7s)
[2026-04-15T03:44:06.955359+00:00] [w1] IMPROVED niu-fr: Δ+11.3 (443.7s)
[2026-04-15T03:44:10.244408+00:00] [w2] IMPROVED niu-sv: Δ+18.4 (435.6s)
[2026-04-15T04:06:26.136604+00:00] [w2] processed 30, latest=nso-sv:no_improvement (471.8s)
[2026-04-15T04:06:30.046034+00:00] [w1] IMPROVED nso-fr: Δ+10.0 (475.5s)
[2026-04-15T04:13:52.651170+00:00] [w0] processed 30, latest=nyk-en:no_improvement (496.8s)
[2026-04-15T04:13:53.984238+00:00] [w2] IMPROVED pag-de: Δ+16.4 (447.3s)
[2026-04-15T04:21:33.052547+00:00] [w2] IMPROVED pag-sv: Δ+5.8 (458.5s)
[2026-04-15T04:21:33.165086+00:00] [w0] IMPROVED pag-fi: Δ+6.3 (460.0s)
[2026-04-15T04:21:33.302666+00:00] [w1] processed 30, latest=pap-es:no_improvement (459.1s)
[2026-04-15T04:28:42.606142+00:00] [w2] IMPROVED pap-fi: Δ+1.0 (429.0s)
[2026-04-15T04:36:02.683501+00:00] [w1] IMPROVED pis-fi: Δ+6.8 (441.3s)
[2026-04-15T04:36:06.096844+00:00] [w2] IMPROVED pis-fr: Δ+27.8 (443.0s)
[2026-04-15T04:44:00.623726+00:00] [w2] IMPROVED pqe-en: Δ+4.2 (474.0s)
[2026-04-15T04:49:03.584654+00:00] [w0] processed 35, latest=prl-es:no_improvement (347.2s)
[2026-04-15T04:51:32.927853+00:00] [w1] IMPROVED rnd-fr: Δ+3.4 (451.8s)
[2026-04-15T04:56:34.037707+00:00] [w0] IMPROVED rnd-sv: Δ+17.1 (449.9s)
[2026-04-15T05:10:35.236211+00:00] [w0] IMPROVED run-sv: Δ+6.8 (359.1s)
[2026-04-15T05:15:37.668529+00:00] [w1] IMPROVED rw-fr: Δ+5.6 (475.2s)
[2026-04-15T05:18:39.687094+00:00] [w0] ERROR sem-sem: TypeError: unsupported format string passed to NoneType.__format__
[2026-04-15T05:23:35.934159+00:00] [w2] IMPROVED sal-en: Δ+0.5 (485.8s)
[2026-04-15T05:25:40.069348+00:00] [w0] processed 40, latest=sg-es:no_improvement (420.2s)
[2026-04-15T05:30:42.716976+00:00] [w1] IMPROVED sg-fi: Δ+7.7 (428.7s)
[2026-04-15T05:30:43.282937+00:00] [w2] IMPROVED sg-fr: Δ+12.1 (426.9s)
[2026-04-15T05:32:35.378311+00:00] [w0] IMPROVED sg-sv: Δ+9.8 (414.8s)
[2026-04-15T05:33:57.774364+00:00] [w1] IMPROVED sh-eo: Δ+5.4 (194.7s)
[2026-04-15T05:33:57.778429+00:00] [w1] ERROR sla-sla: TypeError: unsupported format string passed to NoneType.__format__
[2026-04-15T05:45:35.110722+00:00] [w2] IMPROVED sm-fr: Δ+16.3 (463.3s)
[2026-04-15T05:59:47.941123+00:00] [w2] IMPROVED st-fi: Δ+6.2 (484.9s)
[2026-04-15T06:00:47.680457+00:00] [w0] processed 45, latest=st-fr:no_improvement (493.0s)
[2026-04-15T06:04:34.698020+00:00] [w1] processed 45, latest=st-sv:no_improvement (466.0s)
[2026-04-15T06:08:57.596958+00:00] [w0] IMPROVED sv-ZH: Δ+17.8 (489.4s)
[2026-04-15T06:12:23.894937+00:00] [w1] IMPROVED sv-ase: Δ+22.9 (468.7s)
[2026-04-15T06:18:38.448568+00:00] [w0] IMPROVED sv-ee: Δ+4.3 (101.9s)
[2026-04-15T06:19:58.102488+00:00] [w1] IMPROVED sv-bzs: Δ+20.9 (453.7s)
[2026-04-15T06:22:41.525825+00:00] [w2] IMPROVED sv-crs: Δ+20.3 (435.1s)
[2026-04-15T06:26:24.037494+00:00] [w0] IMPROVED sv-efi: Δ+17.7 (465.1s)
[2026-04-15T06:27:58.178541+00:00] [w1] IMPROVED sv-gaa: Δ+22.9 (479.6s)
[2026-04-15T06:30:17.421488+00:00] [w2] IMPROVED sv-gil: Δ+30.6 (455.4s)
[2026-04-15T06:33:58.727575+00:00] [w0] IMPROVED sv-guw: Δ+1.2 (454.2s)
[2026-04-15T06:35:21.173030+00:00] [w1] IMPROVED sv-ho: Δ+14.0 (442.5s)
[2026-04-15T06:37:19.268556+00:00] [w2] processed 50, latest=sv-hr:no_improvement (421.7s)
[2026-04-15T06:42:18.837904+00:00] [w0] IMPROVED sv-iso: Δ+13.8 (461.4s)
[2026-04-15T06:42:40.573970+00:00] [w1] IMPROVED sv-kg: Δ+25.1 (438.9s)
[2026-04-15T06:43:18.778144+00:00] [w1] IMPROVED sv-lg: Δ+1.3 (37.7s)
[2026-04-15T06:45:01.355950+00:00] [w2] IMPROVED sv-kqn: Δ+23.5 (461.6s)
[2026-04-15T06:50:16.183238+00:00] [w0] IMPROVED sv-kwy: Δ+13.5 (476.8s)
[2026-04-15T06:50:59.448145+00:00] [w1] IMPROVED sv-lu: Δ+22.5 (460.1s)
[2026-04-15T06:53:06.715429+00:00] [w2] IMPROVED sv-lua: Δ+4.0 (484.8s)
[2026-04-15T06:58:24.622291+00:00] [w0] IMPROVED sv-lue: Δ+5.4 (487.9s)
[2026-04-15T06:58:51.013942+00:00] [w1] IMPROVED sv-lus: Δ+26.0 (471.1s)
[2026-04-15T07:01:11.289705+00:00] [w2] IMPROVED sv-mh: Δ+20.7 (484.1s)
[2026-04-15T07:06:08.648520+00:00] [w0] IMPROVED sv-mos: Δ+38.2 (463.5s)
[2026-04-15T07:06:14.480700+00:00] [w1] IMPROVED sv-niu: Δ+32.0 (443.0s)
[2026-04-15T07:08:29.893452+00:00] [w2] IMPROVED sv-nl: Δ+2.1 (438.1s)
[2026-04-15T07:14:00.781486+00:00] [w1] processed 55, latest=sv-pag:no_improvement (466.1s)
[2026-04-15T07:16:20.201001+00:00] [w2] IMPROVED sv-pap: Δ+5.6 (469.8s)
[2026-04-15T07:21:53.113513+00:00] [w0] IMPROVED sv-rnd: Δ+12.3 (471.6s)
[2026-04-15T07:21:54.104579+00:00] [w1] IMPROVED sv-pis: Δ+22.9 (472.8s)
[2026-04-15T07:27:42.995765+00:00] [w0] IMPROVED sv-run: Δ+9.8 (349.4s)
[2026-04-15T07:29:45.581351+00:00] [w1] IMPROVED sv-rw: Δ+16.6 (471.0s)
[2026-04-15T07:31:33.959663+00:00] [w2] IMPROVED sv-sg: Δ+21.2 (455.3s)
[2026-04-15T07:37:31.616656+00:00] [w1] IMPROVED sv-sm: Δ+4.9 (465.5s)
[2026-04-15T07:42:11.509979+00:00] [w0] processed 60, latest=sv-swc:no_improvement (445.4s)
[2026-04-15T07:45:10.036211+00:00] [w1] IMPROVED sv-tiv: Δ+13.1 (457.9s)
[2026-04-15T07:47:17.980068+00:00] [w2] IMPROVED sv-tll: Δ+16.6 (471.8s)
[2026-04-15T07:50:02.817826+00:00] [w0] IMPROVED sv-toi: Δ+20.4 (470.8s)
[2026-04-15T07:53:09.238812+00:00] [w1] processed 60, latest=sv-ts:no_improvement (479.0s)
[2026-04-15T07:55:24.044519+00:00] [w2] IMPROVED sv-tum: Δ+20.8 (485.5s)
[2026-04-15T07:57:39.111080+00:00] [w0] IMPROVED sv-tvl: Δ+7.4 (455.8s)
[2026-04-15T07:58:44.906527+00:00] [w1] IMPROVED sv-ty: Δ+20.7 (335.2s)
[2026-04-15T08:03:20.355546+00:00] [w2] IMPROVED sv-umb: Δ+21.1 (475.8s)
[2026-04-15T08:05:37.927125+00:00] [w0] IMPROVED sv-ve: Δ+38.5 (478.3s)
[2026-04-15T08:06:34.219898+00:00] [w1] IMPROVED sv-war: Δ+13.2 (468.8s)
[2026-04-15T08:10:44.955801+00:00] [w2] IMPROVED sv-wls: Δ+11.4 (444.1s)
[2026-04-15T08:13:09.872858+00:00] [w0] IMPROVED sv-zne: Δ+15.4 (451.4s)
[2026-04-15T08:20:45.373541+00:00] [w0] IMPROVED swc-fi: Δ+15.0 (455.0s)
[2026-04-15T08:25:29.085781+00:00] [w2] IMPROVED synthetic-en-eu: Δ+8.0 (445.4s)
[2026-04-15T08:28:19.236969+00:00] [w1] processed 65, latest=synthetic-en-is:no_improvement (382.4s)
[2026-04-15T08:32:13.174256+00:00] [w2] IMPROVED synthetic-en-ka: Δ+1.2 (403.6s)
[2026-04-15T08:34:21.889624+00:00] [w0] ERROR tc-base-bat-zle: TypeError: unsupported format string passed to NoneType.__format__
[2026-04-15T08:38:50.142563+00:00] [w2] IMPROVED synthetic-en-uk: Δ+6.1 (396.5s)
[2026-04-15T08:42:09.623103+00:00] [w0] IMPROVED tc-base-ces_slk-uk: Δ+44.3 (467.2s)
[2026-04-15T08:42:09.633980+00:00] [w0] ERROR tc-base-gmw-gmw: TypeError: unsupported format string passed to NoneType.__format__
[2026-04-15T08:43:03.840135+00:00] [w1] IMPROVED tc-base-en-sh: Δ+2.6 (483.7s)
[2026-04-15T08:57:56.995636+00:00] [w0] IMPROVED tc-base-uk-ces_slk: Δ+13.7 (476.6s)
[2026-04-15T09:02:46.490081+00:00] [w2] ERROR tc-base-zle-bat: TypeError: unsupported format string passed to NoneType.__format__
[2026-04-15T09:02:46.496752+00:00] [w2] ERROR tc-bible-big-aav-fra_ita_por_spa: TypeError: unsupported format string passed to NoneType.__format__
[2026-04-15T09:02:46.503262+00:00] [w2] ERROR tc-bible-big-afa-deu_eng_fra_por_spa: TypeError: unsupported format string passed to NoneType.__format__
[2026-04-15T09:02:46.510022+00:00] [w2] ERROR tc-bible-big-afa-deu_eng_nld: TypeError: unsupported format string passed to NoneType.__format__
[2026-04-15T09:06:09.541500+00:00] [w0] ERROR tc-bible-big-afa-fra_ita_por_spa: TypeError: unsupported format string passed to NoneType.__format__
[2026-04-15T09:06:09.548120+00:00] [w0] ERROR tc-bible-big-alv-deu_eng_fra_por_spa: TypeError: unsupported format string passed to NoneType.__format__
[2026-04-15T09:06:09.554441+00:00] [w0] ERROR tc-bible-big-bat-deu_eng_fra_por_spa: TypeError: unsupported format string passed to NoneType.__format__
[2026-04-15T09:06:09.560965+00:00] [w0] ERROR tc-bible-big-bat-deu_eng_nld: TypeError: unsupported format string passed to NoneType.__format__
[2026-04-15T09:06:57.540681+00:00] [w1] IMPROVED tc-base-uk-tr: Δ+6.4 (491.7s)
[2026-04-15T09:08:52.287724+00:00] [w1] IMPROVED tc-bible-big-bnt-deu_eng_fra_por_spa: Δ+1.3 (113.6s)
[2026-04-15T09:08:52.294347+00:00] [w1] ERROR tc-bible-big-cel-deu_eng_fra_por_spa: TypeError: unsupported format string passed to NoneType.__format__
[2026-04-15T09:08:52.300854+00:00] [w1] ERROR tc-bible-big-deu_eng_fra_por_spa-aav: TypeError: unsupported format string passed to NoneType.__format__
[2026-04-15T09:08:52.307279+00:00] [w1] ERROR tc-bible-big-deu_eng_fra_por_spa-afa: TypeError: unsupported format string passed to NoneType.__format__
[2026-04-15T09:08:52.313652+00:00] [w1] ERROR tc-bible-big-deu_eng_fra_por_spa-bat: TypeError: unsupported format string passed to NoneType.__format__
[2026-04-15T09:09:28.187547+00:00] [w1] IMPROVED tc-bible-big-deu_eng_fra_por_spa-bnt: Δ+0.6 (34.7s)
[2026-04-15T09:09:28.197780+00:00] [w1] ERROR tc-bible-big-deu_eng_fra_por_spa-fiu: TypeError: unsupported format string passed to NoneType.__format__
[2026-04-15T09:09:28.207782+00:00] [w1] ERROR tc-bible-big-deu_eng_fra_por_spa-gem: TypeError: unsupported format string passed to NoneType.__format__
[2026-04-15T09:09:28.214402+00:00] [w1] ERROR tc-bible-big-deu_eng_fra_por_spa-gmq: TypeError: unsupported format string passed to NoneType.__format__
[2026-04-15T09:09:28.220815+00:00] [w1] ERROR tc-bible-big-deu_eng_fra_por_spa-gmw: TypeError: unsupported format string passed to NoneType.__format__
[2026-04-15T09:09:28.228189+00:00] [w1] ERROR tc-bible-big-deu_eng_fra_por_spa-iir: TypeError: unsupported format string passed to NoneType.__format__
[2026-04-15T09:09:28.234907+00:00] [w1] ERROR tc-bible-big-deu_eng_fra_por_spa-inc: TypeError: unsupported format string passed to NoneType.__format__
[2026-04-15T09:09:28.241261+00:00] [w1] ERROR tc-bible-big-deu_eng_fra_por_spa-ine: TypeError: unsupported format string passed to NoneType.__format__
[2026-04-15T09:09:28.247502+00:00] [w1] ERROR tc-bible-big-deu_eng_fra_por_spa-itc: TypeError: unsupported format string passed to NoneType.__format__
[2026-04-15T09:09:28.255281+00:00] [w1] ERROR tc-bible-big-deu_eng_fra_por_spa-mkh: TypeError: unsupported format string passed to NoneType.__format__
[2026-04-15T09:09:28.261716+00:00] [w1] ERROR tc-bible-big-deu_eng_fra_por_spa-mul: TypeError: unsupported format string passed to NoneType.__format__
[2026-04-15T09:09:28.268321+00:00] [w1] ERROR tc-bible-big-deu_eng_fra_por_spa-pqw: TypeError: unsupported format string passed to NoneType.__format__
[2026-04-15T09:09:28.274715+00:00] [w1] ERROR tc-bible-big-deu_eng_fra_por_spa-roa: TypeError: unsupported format string passed to NoneType.__format__
[2026-04-15T09:09:28.281090+00:00] [w1] ERROR tc-bible-big-deu_eng_fra_por_spa-sem: TypeError: unsupported format string passed to NoneType.__format__
[2026-04-15T09:09:28.288208+00:00] [w1] ERROR tc-bible-big-deu_eng_fra_por_spa-sla: TypeError: unsupported format string passed to NoneType.__format__
[2026-04-15T09:09:28.295205+00:00] [w1] ERROR tc-bible-big-deu_eng_fra_por_spa-trk: TypeError: unsupported format string passed to NoneType.__format__
[2026-04-15T09:09:28.301923+00:00] [w1] ERROR tc-bible-big-deu_eng_fra_por_spa-urj: TypeError: unsupported format string passed to NoneType.__format__
[2026-04-15T09:09:28.308851+00:00] [w1] ERROR tc-bible-big-dra-deu_eng_nld: TypeError: unsupported format string passed to NoneType.__format__
[2026-04-15T09:17:50.512709+00:00] [w2] processed 70, latest=tc-bible-big-afa-en:no_improvement (903.8s)
[2026-04-15T09:17:50.519164+00:00] [w2] ERROR tc-bible-big-fiu-deu_eng_fra_por_spa: TypeError: unsupported format string passed to NoneType.__format__
[2026-04-15T09:21:17.335562+00:00] [w0] ERROR tc-bible-big-fiu-fra_ita_por_spa: TypeError: unsupported format string passed to NoneType.__format__
[2026-04-15T09:21:17.342182+00:00] [w0] ERROR tc-bible-big-gem-deu_eng_fra_por_spa: TypeError: unsupported format string passed to NoneType.__format__
[2026-04-15T09:21:17.348566+00:00] [w0] ERROR tc-bible-big-gem-fra_ita_por_spa: TypeError: unsupported format string passed to NoneType.__format__
[2026-04-15T09:21:17.355928+00:00] [w0] ERROR tc-bible-big-gmq-deu_eng_fra_por_spa: TypeError: unsupported format string passed to NoneType.__format__
[2026-04-15T09:25:50.537003+00:00] [w1] ERROR tc-bible-big-gmw-deu_eng_fra_por_spa: TypeError: unsupported format string passed to NoneType.__format__
[2026-04-15T09:25:50.543766+00:00] [w1] ERROR tc-bible-big-gmw-deu_eng_nld: TypeError: unsupported format string passed to NoneType.__format__
[2026-04-15T09:34:27.828711+00:00] [w2] ERROR tc-bible-big-gmw-fra_ita_por_spa: TypeError: unsupported format string passed to NoneType.__format__
[2026-04-15T09:34:27.836804+00:00] [w2] ERROR tc-bible-big-iir-deu_eng_fra_por_spa: TypeError: unsupported format string passed to NoneType.__format__
[2026-04-15T09:38:15.974753+00:00] [w0] ERROR tc-bible-big-inc-deu_eng_fra_por_spa: TypeError: unsupported format string passed to NoneType.__format__
[2026-04-15T09:38:15.983274+00:00] [w0] ERROR tc-bible-big-inc-deu_eng_nld: TypeError: unsupported format string passed to NoneType.__format__
[2026-04-15T09:41:49.193737+00:00] [w1] ERROR tc-bible-big-ine-deu_eng_fra_por_spa: TypeError: unsupported format string passed to NoneType.__format__
[2026-04-15T09:41:49.200502+00:00] [w1] ERROR tc-bible-big-ine-deu_eng_nld: TypeError: unsupported format string passed to NoneType.__format__
[2026-04-15T09:41:49.207244+00:00] [w1] ERROR tc-bible-big-ira-deu_eng_fra_por_spa: TypeError: unsupported format string passed to NoneType.__format__
[2026-04-15T09:41:49.213560+00:00] [w1] ERROR tc-bible-big-itc-deu_eng_fra_por_spa: TypeError: unsupported format string passed to NoneType.__format__
[2026-04-15T09:41:49.220206+00:00] [w1] ERROR tc-bible-big-itc-deu_eng_nld: TypeError: unsupported format string passed to NoneType.__format__
[2026-04-15T09:41:49.226711+00:00] [w1] ERROR tc-bible-big-itc-fra_ita_por_spa: TypeError: unsupported format string passed to NoneType.__format__
[2026-04-15T09:50:57.669101+00:00] [w2] ERROR tc-bible-big-map-fra_ita_por_spa: TypeError: unsupported format string passed to NoneType.__format__
[2026-04-15T09:50:57.676069+00:00] [w2] ERROR tc-bible-big-mkh-deu_eng_nld: TypeError: unsupported format string passed to NoneType.__format__
[2026-04-15T09:50:57.690373+00:00] [w2] ERROR tc-bible-big-mkh-fra_ita_por_spa: TypeError: unsupported format string passed to NoneType.__format__
[2026-04-15T09:50:57.697452+00:00] [w2] ERROR tc-bible-big-mul-deu_eng_fra_por_spa: TypeError: unsupported format string passed to NoneType.__format__
[2026-04-15T09:50:57.704705+00:00] [w2] ERROR tc-bible-big-mul-deu_eng_nld: TypeError: unsupported format string passed to NoneType.__format__
[2026-04-15T09:50:57.711688+00:00] [w2] ERROR tc-bible-big-mul-mul: TypeError: unsupported format string passed to NoneType.__format__
[2026-04-15T09:50:57.718385+00:00] [w2] ERROR tc-bible-big-phi-deu_eng_fra_por_spa: TypeError: unsupported format string passed to NoneType.__format__
[2026-04-15T09:54:37.864291+00:00] [w0] IMPROVED tc-bible-big-inc-en: Δ+0.9 (980.7s)
[2026-04-15T09:54:37.871295+00:00] [w0] ERROR tc-bible-big-poz-deu_eng_fra_por_spa: TypeError: unsupported format string passed to NoneType.__format__
[2026-04-15T09:58:11.967561+00:00] [w1] processed 75, latest=tc-bible-big-map-en:no_improvement (982.5s)
[2026-04-15T09:58:11.975389+00:00] [w1] ERROR tc-bible-big-poz-fra_ita_por_spa: TypeError: unsupported format string passed to NoneType.__format__
[2026-04-15T09:58:11.982177+00:00] [w1] ERROR tc-bible-big-pqe-deu_eng_fra_por_spa: TypeError: unsupported format string passed to NoneType.__format__
[2026-04-15T09:58:11.988760+00:00] [w1] ERROR tc-bible-big-pqw-deu_eng_fra_por_spa: TypeError: unsupported format string passed to NoneType.__format__
[2026-04-15T10:07:16.480094+00:00] [w2] IMPROVED tc-bible-big-phi-en: Δ+4.5 (977.6s)
[2026-04-15T10:07:16.486565+00:00] [w2] ERROR tc-bible-big-pqw-fra_ita_por_spa: TypeError: unsupported format string passed to NoneType.__format__
[2026-04-15T10:07:16.496721+00:00] [w2] ERROR tc-bible-big-roa-deu_eng_fra_por_spa: TypeError: unsupported format string passed to NoneType.__format__
[2026-04-15T10:11:10.223277+00:00] [w0] IMPROVED tc-bible-big-poz-en: Δ+3.3 (991.2s)
[2026-04-15T10:11:10.229713+00:00] [w0] ERROR tc-bible-big-sem-deu_eng_fra_por_spa: TypeError: unsupported format string passed to NoneType.__format__
[2026-04-15T10:11:10.236667+00:00] [w0] ERROR tc-bible-big-sem-deu_eng_nld: TypeError: unsupported format string passed to NoneType.__format__
[2026-04-15T10:15:07.388414+00:00] [w1] ERROR tc-bible-big-sla-deu_eng_nld: TypeError: unsupported format string passed to NoneType.__format__
[2026-04-15T10:24:07.370554+00:00] [w2] ERROR tc-bible-big-tai-deu_eng_fra_por_spa: TypeError: unsupported format string passed to NoneType.__format__
[2026-04-15T10:24:07.378004+00:00] [w2] ERROR tc-bible-big-trk-deu_eng_fra_por_spa: TypeError: unsupported format string passed to NoneType.__format__
[2026-04-15T10:24:07.385333+00:00] [w2] ERROR tc-bible-big-urj-deu_eng_fra_por_spa: TypeError: unsupported format string passed to NoneType.__format__
[2026-04-15T10:24:07.393860+00:00] [w2] ERROR tc-bible-big-urj-deu_eng_nld: TypeError: unsupported format string passed to NoneType.__format__
[2026-04-15T10:24:07.401192+00:00] [w2] ERROR tc-bible-big-urj-fra_ita_por_spa: TypeError: unsupported format string passed to NoneType.__format__
[2026-04-15T10:24:07.408569+00:00] [w2] ERROR tc-bible-big-zhx-deu_eng_fra_por_spa: TypeError: unsupported format string passed to NoneType.__format__
[2026-04-15T10:39:59.644364+00:00] [w2] IMPROVED tc-bible-big-zhx-en: Δ+11.0 (951.1s)
[2026-04-15T10:45:49.468440+00:00] [w0] IMPROVED tc-big-ar-en: Δ+31.2 (1063.5s)
[2026-04-15T11:06:29.062403+00:00] [w1] IMPROVED tc-big-cat_oci_spa-en: Δ+34.9 (1060.0s)
[2026-04-15T11:19:29.315093+00:00] [w0] IMPROVED tc-big-ces_slk-en: Δ+23.6 (1045.7s)
[2026-04-15T11:22:20.638314+00:00] [w1] IMPROVED tc-big-de-es: Δ+25.2 (950.4s)
[2026-04-15T11:35:59.552543+00:00] [w0] processed 80, latest=tc-big-de-zle:no_improvement (990.0s)
[2026-04-15T11:40:46.193027+00:00] [w1] IMPROVED tc-big-el-en: Δ+37.4 (1104.4s)
[2026-04-15T11:52:13.926632+00:00] [w0] IMPROVED tc-big-en-bg: Δ+3.7 (973.2s)
[2026-04-15T12:01:21.087101+00:00] [w2] processed 80, latest=tc-big-en-ces_slk:no_improvement (1022.1s)
[2026-04-15T12:09:06.701388+00:00] [w0] IMPROVED tc-big-en-el: Δ+1.9 (1011.6s)
[2026-04-15T12:13:27.668262+00:00] [w1] IMPROVED tc-big-en-es: Δ+11.0 (987.4s)
[2026-04-15T12:42:54.602085+00:00] [w0] IMPROVED tc-big-en-hu: Δ+0.3 (1015.8s)
[2026-04-15T12:44:17.170396+00:00] [w1] processed 85, latest=tc-big-en-it:no_improvement (906.2s)
[2026-04-15T12:59:14.737504+00:00] [w0] processed 85, latest=tc-big-en-lt:no_improvement (979.9s)
[2026-04-15T13:00:06.315258+00:00] [w1] IMPROVED tc-big-en-lv: Δ+0.6 (948.0s)
[2026-04-15T13:06:39.786640+00:00] [w2] IMPROVED tc-big-en-pt: Δ+5.2 (955.0s)
[2026-04-15T13:23:29.635671+00:00] [w2] IMPROVED tc-big-en-zle: Δ+13.4 (1008.7s)
[2026-04-15T13:31:29.174209+00:00] [w0] IMPROVED tc-big-es-zle: Δ+19.1 (985.1s)
[2026-04-15T13:31:29.180703+00:00] [w0] ERROR tc-big-fa-gmq: TypeError: unsupported format string passed to NoneType.__format__
[2026-04-15T13:31:29.186786+00:00] [w0] ERROR tc-big-fa-itc: TypeError: unsupported format string passed to NoneType.__format__
[2026-04-15T13:39:43.484780+00:00] [w2] IMPROVED tc-big-eu-itc: Δ+3.4 (972.7s)
[2026-04-15T13:49:27.405470+00:00] [w1] IMPROVED tc-big-fi-zle: Δ+6.9 (1014.7s)
[2026-04-15T14:06:18.277952+00:00] [w1] processed 90, latest=tc-big-fr-zle:no_improvement (1010.7s)
[2026-04-15T14:06:18.284901+00:00] [w1] ERROR tc-big-gmq-gmq: TypeError: unsupported format string passed to NoneType.__format__
[2026-04-15T14:12:37.560309+00:00] [w2] ERROR tc-big-gmq-itc: TypeError: unsupported format string passed to NoneType.__format__
[2026-04-15T14:20:49.403613+00:00] [w0] processed 90, latest=tc-big-gmq-en:no_improvement (1018.4s)
[2026-04-15T14:20:49.411974+00:00] [w0] ERROR tc-big-gmq-zle: TypeError: unsupported format string passed to NoneType.__format__
[2026-04-15T14:20:49.418494+00:00] [w0] ERROR tc-big-gmq-zlw: TypeError: unsupported format string passed to NoneType.__format__
[2026-04-15T14:20:49.425078+00:00] [w0] ERROR tc-big-gmw-gmw: TypeError: unsupported format string passed to NoneType.__format__
[2026-04-15T14:29:29.961645+00:00] [w2] IMPROVED tc-big-gmq-tr: Δ+6.5 (1011.2s)
[2026-04-15T14:45:17.187889+00:00] [w2] processed 90, latest=tc-big-he-itc:no_improvement (947.0s)
[2026-04-15T14:57:22.520643+00:00] [w1] IMPROVED tc-big-it-en: Δ+59.7 (1003.8s)
[2026-04-15T14:57:22.527370+00:00] [w1] ERROR tc-big-itc-bat: TypeError: unsupported format string passed to NoneType.__format__
[2026-04-15T15:11:29.926732+00:00] [w0] ERROR tc-big-itc-itc: TypeError: unsupported format string passed to NoneType.__format__
[2026-04-15T15:19:08.407379+00:00] [w2] IMPROVED tc-big-itc-he: Δ+24.7 (1026.7s)
[2026-04-15T15:28:09.851296+00:00] [w0] IMPROVED tc-big-itc-tr: Δ+11.2 (998.8s)
[2026-04-15T15:29:19.184529+00:00] [w1] processed 95, latest=tc-big-ko-en:no_improvement (905.2s)
[2026-04-15T15:45:18.760512+00:00] [w0] processed 95, latest=tc-big-lv-en:no_improvement (1028.7s)
[2026-04-15T15:46:32.880193+00:00] [w1] IMPROVED tc-big-pt-zle: Δ+11.3 (1032.5s)
[2026-04-15T16:07:59.701345+00:00] [w2] processed 95, latest=tc-big-zle-de:no_improvement (940.4s)
[2026-04-15T16:18:20.202368+00:00] [w1] ERROR tc-big-zle-gmq: TypeError: unsupported format string passed to NoneType.__format__
[2026-04-15T16:24:30.724036+00:00] [w2] ERROR tc-big-zle-itc: TypeError: unsupported format string passed to NoneType.__format__
[2026-04-15T16:34:39.044155+00:00] [w1] ERROR tc-big-zle-zle: TypeError: unsupported format string passed to NoneType.__format__
[2026-04-15T16:34:39.050143+00:00] [w1] ERROR tc-big-zle-zls: TypeError: unsupported format string passed to NoneType.__format__
[2026-04-15T16:34:39.056080+00:00] [w1] ERROR tc-big-zle-zlw: TypeError: unsupported format string passed to NoneType.__format__
[2026-04-15T16:41:14.633303+00:00] [w2] ERROR tc-big-zls-itc: TypeError: unsupported format string passed to NoneType.__format__
[2026-04-15T16:41:14.639623+00:00] [w2] ERROR tc-big-zls-zle: TypeError: unsupported format string passed to NoneType.__format__
[2026-04-15T16:51:15.139175+00:00] [w1] processed 100, latest=tc-big-zls-de:no_improvement (995.9s)
[2026-04-15T16:51:15.144869+00:00] [w1] ERROR tc-big-zlw-zle: TypeError: unsupported format string passed to NoneType.__format__
[2026-04-15T16:51:15.149990+00:00] [w1] ERROR tcbig-bible_aav-fra_ita_por_spa: TypeError: unsupported format string passed to NoneType.__format__
[2026-04-15T16:51:15.155230+00:00] [w1] ERROR tcbig-bible_afa-deu_eng_fra_por_spa: TypeError: unsupported format string passed to NoneType.__format__
[2026-04-15T16:51:15.160176+00:00] [w1] ERROR tcbig-bible_afa-deu_eng_nld: TypeError: unsupported format string passed to NoneType.__format__
[2026-04-15T16:51:26.645948+00:00] [w0] ERROR tcbig-bible_afa-fra_ita_por_spa: TypeError: unsupported format string passed to NoneType.__format__
[2026-04-15T16:51:26.651002+00:00] [w0] ERROR tcbig-bible_alv-deu_eng_fra_por_spa: TypeError: unsupported format string passed to NoneType.__format__
[2026-04-15T16:51:26.655817+00:00] [w0] ERROR tcbig-bible_bat-deu_eng_fra_por_spa: TypeError: unsupported format string passed to NoneType.__format__
[2026-04-15T16:51:26.660653+00:00] [w0] ERROR tcbig-bible_bat-deu_eng_nld: TypeError: unsupported format string passed to NoneType.__format__
[2026-04-15T16:57:32.486209+00:00] [w2] ERROR tcbig-bible_bnt-deu_eng_fra_por_spa: TypeError: unsupported format string passed to NoneType.__format__
[2026-04-15T16:57:32.491227+00:00] [w2] ERROR tcbig-bible_cel-deu_eng_fra_por_spa: TypeError: unsupported format string passed to NoneType.__format__
[2026-04-15T16:57:32.496647+00:00] [w2] ERROR tcbig-bible_deu_eng_fra_por_spa-aav: TypeError: unsupported format string passed to NoneType.__format__
[2026-04-15T16:57:32.502482+00:00] [w2] ERROR tcbig-bible_deu_eng_fra_por_spa-afa: TypeError: unsupported format string passed to NoneType.__format__
[2026-04-15T16:57:32.507282+00:00] [w2] ERROR tcbig-bible_deu_eng_fra_por_spa-bat: TypeError: unsupported format string passed to NoneType.__format__
[2026-04-15T16:58:08.890638+00:00] [w2] IMPROVED tcbig-bible_deu_eng_fra_por_spa-bnt: Δ+0.6 (35.2s)
[2026-04-15T16:58:08.895196+00:00] [w2] ERROR tcbig-bible_deu_eng_fra_por_spa-fiu: TypeError: unsupported format string passed to NoneType.__format__
[2026-04-15T16:58:08.900119+00:00] [w2] ERROR tcbig-bible_deu_eng_fra_por_spa-gem: TypeError: unsupported format string passed to NoneType.__format__
[2026-04-15T16:58:08.904873+00:00] [w2] ERROR tcbig-bible_deu_eng_fra_por_spa-gmq: TypeError: unsupported format string passed to NoneType.__format__
[2026-04-15T16:58:08.909607+00:00] [w2] ERROR tcbig-bible_deu_eng_fra_por_spa-gmw: TypeError: unsupported format string passed to NoneType.__format__
[2026-04-15T16:58:08.915118+00:00] [w2] ERROR tcbig-bible_deu_eng_fra_por_spa-iir: TypeError: unsupported format string passed to NoneType.__format__
[2026-04-15T16:58:08.920972+00:00] [w2] ERROR tcbig-bible_deu_eng_fra_por_spa-inc: TypeError: unsupported format string passed to NoneType.__format__
[2026-04-15T16:58:08.926215+00:00] [w2] ERROR tcbig-bible_deu_eng_fra_por_spa-ine: TypeError: unsupported format string passed to NoneType.__format__
[2026-04-15T16:58:08.931027+00:00] [w2] ERROR tcbig-bible_deu_eng_fra_por_spa-itc: TypeError: unsupported format string passed to NoneType.__format__
[2026-04-15T16:58:08.935961+00:00] [w2] ERROR tcbig-bible_deu_eng_fra_por_spa-mkh: TypeError: unsupported format string passed to NoneType.__format__
[2026-04-15T16:58:08.940754+00:00] [w2] ERROR tcbig-bible_deu_eng_fra_por_spa-mul: TypeError: unsupported format string passed to NoneType.__format__
[2026-04-15T16:58:08.945500+00:00] [w2] ERROR tcbig-bible_deu_eng_fra_por_spa-pqw: TypeError: unsupported format string passed to NoneType.__format__
[2026-04-15T16:58:08.950152+00:00] [w2] ERROR tcbig-bible_deu_eng_fra_por_spa-roa: TypeError: unsupported format string passed to NoneType.__format__
[2026-04-15T16:58:08.955265+00:00] [w2] ERROR tcbig-bible_deu_eng_fra_por_spa-sem: TypeError: unsupported format string passed to NoneType.__format__
[2026-04-15T16:58:08.960348+00:00] [w2] ERROR tcbig-bible_deu_eng_fra_por_spa-sla: TypeError: unsupported format string passed to NoneType.__format__
[2026-04-15T16:58:08.965536+00:00] [w2] ERROR tcbig-bible_deu_eng_fra_por_spa-trk: TypeError: unsupported format string passed to NoneType.__format__
[2026-04-15T16:58:08.970343+00:00] [w2] ERROR tcbig-bible_deu_eng_fra_por_spa-urj: TypeError: unsupported format string passed to NoneType.__format__
[2026-04-15T16:58:08.975689+00:00] [w2] ERROR tcbig-bible_dra-deu_eng_nld: TypeError: unsupported format string passed to NoneType.__format__
[2026-04-15T17:07:25.431803+00:00] [w1] ERROR tcbig-bible_fiu-deu_eng_fra_por_spa: TypeError: unsupported format string passed to NoneType.__format__
[2026-04-15T17:07:29.104845+00:00] [w0] processed 100, latest=tcbig-bible_bat-en:no_improvement (962.2s)
[2026-04-15T17:07:29.109897+00:00] [w0] ERROR tcbig-bible_fiu-fra_ita_por_spa: TypeError: unsupported format string passed to NoneType.__format__
[2026-04-15T17:07:29.114887+00:00] [w0] ERROR tcbig-bible_gem-deu_eng_fra_por_spa: TypeError: unsupported format string passed to NoneType.__format__
[2026-04-15T17:07:29.120960+00:00] [w0] ERROR tcbig-bible_gem-fra_ita_por_spa: TypeError: unsupported format string passed to NoneType.__format__
[2026-04-15T17:07:29.126789+00:00] [w0] ERROR tcbig-bible_gmq-deu_eng_fra_por_spa: TypeError: unsupported format string passed to NoneType.__format__
[2026-04-15T17:14:46.219476+00:00] [w2] processed 100, latest=tcbig-bible_dra-en:no_improvement (997.0s)
[2026-04-15T17:14:46.224514+00:00] [w2] ERROR tcbig-bible_gmw-deu_eng_fra_por_spa: TypeError: unsupported format string passed to NoneType.__format__
[2026-04-15T17:14:46.229570+00:00] [w2] ERROR tcbig-bible_gmw-deu_eng_nld: TypeError: unsupported format string passed to NoneType.__format__
[2026-04-15T17:24:05.839093+00:00] [w1] ERROR tcbig-bible_gmw-fra_ita_por_spa: TypeError: unsupported format string passed to NoneType.__format__
[2026-04-15T17:24:05.846870+00:00] [w1] ERROR tcbig-bible_iir-deu_eng_fra_por_spa: TypeError: unsupported format string passed to NoneType.__format__
[2026-04-15T17:24:10.209184+00:00] [w0] ERROR tcbig-bible_inc-deu_eng_fra_por_spa: TypeError: unsupported format string passed to NoneType.__format__
[2026-04-15T17:24:10.214326+00:00] [w0] ERROR tcbig-bible_inc-deu_eng_nld: TypeError: unsupported format string passed to NoneType.__format__
[2026-04-15T17:30:46.860806+00:00] [w2] ERROR tcbig-bible_ine-deu_eng_fra_por_spa: TypeError: unsupported format string passed to NoneType.__format__
[2026-04-15T17:30:46.865956+00:00] [w2] ERROR tcbig-bible_ine-deu_eng_nld: TypeError: unsupported format string passed to NoneType.__format__
[2026-04-15T17:30:46.870894+00:00] [w2] ERROR tcbig-bible_ira-deu_eng_fra_por_spa: TypeError: unsupported format string passed to NoneType.__format__
[2026-04-15T17:30:46.875829+00:00] [w2] ERROR tcbig-bible_itc-deu_eng_fra_por_spa: TypeError: unsupported format string passed to NoneType.__format__
[2026-04-15T17:30:46.882019+00:00] [w2] ERROR tcbig-bible_itc-deu_eng_nld: TypeError: unsupported format string passed to NoneType.__format__
[2026-04-15T17:30:46.887737+00:00] [w2] ERROR tcbig-bible_itc-fra_ita_por_spa: TypeError: unsupported format string passed to NoneType.__format__
[2026-04-15T17:40:32.859921+00:00] [w1] ERROR tcbig-bible_map-fra_ita_por_spa: TypeError: unsupported format string passed to NoneType.__format__
[2026-04-15T17:40:32.866035+00:00] [w1] ERROR tcbig-bible_mkh-deu_eng_nld: TypeError: unsupported format string passed to NoneType.__format__
[2026-04-15T17:40:32.870992+00:00] [w1] ERROR tcbig-bible_mkh-fra_ita_por_spa: TypeError: unsupported format string passed to NoneType.__format__
[2026-04-15T17:40:32.876004+00:00] [w1] ERROR tcbig-bible_mul-deu_eng_fra_por_spa: TypeError: unsupported format string passed to NoneType.__format__
[2026-04-15T17:40:32.881048+00:00] [w1] ERROR tcbig-bible_mul-deu_eng_nld: TypeError: unsupported format string passed to NoneType.__format__
[2026-04-15T17:40:32.888426+00:00] [w1] ERROR tcbig-bible_mul-mul: TypeError: unsupported format string passed to NoneType.__format__
[2026-04-15T17:40:32.893710+00:00] [w1] ERROR tcbig-bible_phi-deu_eng_fra_por_spa: TypeError: unsupported format string passed to NoneType.__format__
[2026-04-15T17:40:34.249618+00:00] [w0] ERROR tcbig-bible_poz-deu_eng_fra_por_spa: TypeError: unsupported format string passed to NoneType.__format__
[2026-04-15T17:47:16.415645+00:00] [w2] IMPROVED tcbig-bible_map-en: Δ+0.9 (988.4s)
[2026-04-15T17:47:16.420430+00:00] [w2] ERROR tcbig-bible_poz-fra_ita_por_spa: TypeError: unsupported format string passed to NoneType.__format__
[2026-04-15T17:47:16.425590+00:00] [w2] ERROR tcbig-bible_pqe-deu_eng_fra_por_spa: TypeError: unsupported format string passed to NoneType.__format__
[2026-04-15T17:47:16.430533+00:00] [w2] ERROR tcbig-bible_pqw-deu_eng_fra_por_spa: TypeError: unsupported format string passed to NoneType.__format__
[2026-04-15T17:56:57.461504+00:00] [w1] IMPROVED tcbig-bible_phi-en: Δ+2.4 (983.4s)
[2026-04-15T17:56:57.469032+00:00] [w1] ERROR tcbig-bible_pqw-fra_ita_por_spa: TypeError: unsupported format string passed to NoneType.__format__
[2026-04-15T17:56:57.477729+00:00] [w1] ERROR tcbig-bible_roa-deu_eng_fra_por_spa: TypeError: unsupported format string passed to NoneType.__format__
[2026-04-15T17:56:59.582045+00:00] [w0] IMPROVED tcbig-bible_poz-en: Δ+3.7 (984.1s)
[2026-04-15T17:56:59.588822+00:00] [w0] ERROR tcbig-bible_sem-deu_eng_fra_por_spa: TypeError: unsupported format string passed to NoneType.__format__
[2026-04-15T17:56:59.594373+00:00] [w0] ERROR tcbig-bible_sem-deu_eng_nld: TypeError: unsupported format string passed to NoneType.__format__
[2026-04-15T18:03:59.288796+00:00] [w2] ERROR tcbig-bible_sla-deu_eng_nld: TypeError: unsupported format string passed to NoneType.__format__
[2026-04-15T18:13:52.896124+00:00] [w1] processed 105, latest=tcbig-bible_roa-en:no_improvement (1015.2s)
[2026-04-15T18:13:52.901003+00:00] [w1] ERROR tcbig-bible_tai-deu_eng_fra_por_spa: TypeError: unsupported format string passed to NoneType.__format__
[2026-04-15T18:13:52.906153+00:00] [w1] ERROR tcbig-bible_trk-deu_eng_fra_por_spa: TypeError: unsupported format string passed to NoneType.__format__
[2026-04-15T18:13:52.911067+00:00] [w1] ERROR tcbig-bible_urj-deu_eng_fra_por_spa: TypeError: unsupported format string passed to NoneType.__format__
[2026-04-15T18:13:52.916466+00:00] [w1] ERROR tcbig-bible_urj-deu_eng_nld: TypeError: unsupported format string passed to NoneType.__format__
[2026-04-15T18:13:52.921403+00:00] [w1] ERROR tcbig-bible_urj-fra_ita_por_spa: TypeError: unsupported format string passed to NoneType.__format__
[2026-04-15T18:13:52.927779+00:00] [w1] ERROR tcbig-bible_zhx-deu_eng_fra_por_spa: TypeError: unsupported format string passed to NoneType.__format__
[2026-04-15T18:22:28.027903+00:00] [w0] IMPROVED th-fr: Δ+2.6 (513.7s)
[2026-04-15T18:28:02.332244+00:00] [w1] IMPROVED tcbig-bible_zhx-en: Δ+9.4 (848.3s)
[2026-04-15T18:28:35.384464+00:00] [w2] processed 105, latest=tiv-en:no_improvement (471.8s)
[2026-04-15T18:30:05.197904+00:00] [w0] IMPROVED tiv-fr: Δ+2.8 (456.7s)
[2026-04-15T18:35:22.666331+00:00] [w1] IMPROVED tiv-sv: Δ+29.4 (439.8s)
[2026-04-15T18:43:13.390465+00:00] [w1] IMPROVED tll-fi: Δ+21.8 (470.2s)
[2026-04-15T18:45:08.048140+00:00] [w2] IMPROVED tll-fr: Δ+5.2 (493.9s)
[2026-04-15T18:45:54.224392+00:00] [w0] IMPROVED tll-sv: Δ+6.1 (489.6s)
[2026-04-15T18:53:54.828918+00:00] [w0] IMPROVED toi-fi: Δ+12.2 (480.1s)
[2026-04-15T19:00:27.846479+00:00] [w1] processed 110, latest=toi-fr:no_improvement (489.4s)
[2026-04-15T19:00:39.189740+00:00] [w2] IMPROVED toi-sv: Δ+6.9 (475.7s)
[2026-04-15T19:02:30.459406+00:00] [w0] processed 110, latest=trk-en:no_improvement (515.4s)
[2026-04-15T19:08:21.129166+00:00] [w2] IMPROVED ts-fi: Δ+4.6 (461.4s)
[2026-04-15T19:23:56.028260+00:00] [w1] IMPROVED tum-fr: Δ+1.6 (471.6s)
[2026-04-15T19:24:19.290214+00:00] [w2] IMPROVED tum-sv: Δ+17.9 (456.9s)
[2026-04-15T19:30:59.950377+00:00] [w1] IMPROVED tvl-fi: Δ+6.1 (423.4s)
[2026-04-15T19:31:22.807975+00:00] [w2] IMPROVED tvl-fr: Δ+22.3 (423.0s)
[2026-04-15T19:32:36.139409+00:00] [w0] IMPROVED tvl-sv: Δ+14.0 (419.7s)
[2026-04-15T19:39:01.928933+00:00] [w1] IMPROVED tw-fi: Δ+8.1 (481.4s)
[2026-04-15T19:40:38.532053+00:00] [w0] IMPROVED ty-fi: Δ+12.5 (481.9s)
[2026-04-15T19:44:44.890390+00:00] [w2] IMPROVED ty-sv: Δ+20.4 (334.4s)
[2026-04-15T19:46:53.128726+00:00] [w1] IMPROVED ty-fr: Δ+10.1 (470.7s)
[2026-04-15T19:48:28.233486+00:00] [w0] IMPROVED uk-cs: Δ+1.9 (469.2s)
[2026-04-15T19:52:41.517449+00:00] [w2] IMPROVED uk-hu: Δ+4.9 (476.1s)
[2026-04-15T19:54:39.420556+00:00] [w1] IMPROVED uk-pt: Δ+2.3 (465.8s)
[2026-04-15T19:54:39.424659+00:00] [w1] ERROR urj-urj: TypeError: unsupported format string passed to NoneType.__format__
[2026-04-15T20:00:15.623634+00:00] [w2] IMPROVED urj-en: Δ+3.0 (453.6s)
[2026-04-15T20:08:11.655904+00:00] [w2] IMPROVED war-fi: Δ+26.6 (475.5s)
[2026-04-15T20:08:14.727957+00:00] [w1] IMPROVED war-fr: Δ+4.3 (470.6s)
[2026-04-15T20:11:22.565858+00:00] [w0] IMPROVED war-sv: Δ+9.9 (472.1s)
[2026-04-15T20:15:28.416008+00:00] [w1] IMPROVED wls-fr: Δ+11.0 (433.2s)
[2026-04-15T20:15:35.812953+00:00] [w2] IMPROVED wls-en: Δ+8.6 (443.7s)
[2026-04-15T20:16:17.639307+00:00] [w2] processed 120, latest=zh-ms:no_improvement (41.7s)
[2026-04-15T20:18:03.807551+00:00] [w0] IMPROVED wls-sv: Δ+16.8 (400.7s)
[2026-04-15T20:23:33.479023+00:00] [w1] ERROR zle-zle: TypeError: unsupported format string passed to NoneType.__format__
[2026-04-15T20:24:18.535680+00:00] [w2] ERROR zls-zls: TypeError: unsupported format string passed to NoneType.__format__
[2026-04-15T20:25:50.163624+00:00] [w0] ERROR zlw-fiu: TypeError: unsupported format string passed to NoneType.__format__
[2026-04-15T20:25:50.168089+00:00] [w0] ERROR zlw-zlw: TypeError: unsupported format string passed to NoneType.__format__
[2026-04-15T20:32:00.267976+00:00] [w2] IMPROVED zlw-en: Δ+1.8 (461.2s)
[2026-04-15T20:39:06.923860+00:00] [w1] IMPROVED zne-fi: Δ+16.5 (448.8s)
[2026-04-15T20:39:06.924103+00:00] [w1] No more targets. Exiting.
[2026-04-15T20:39:32.145626+00:00] [w2] IMPROVED zne-fr: Δ+0.4 (451.4s)
[2026-04-15T20:39:32.145894+00:00] [w2] No more targets. Exiting.
[2026-04-15T20:39:56.324865+00:00] [w0] IMPROVED zne-sv: Δ+10.2 (405.3s)
[2026-04-15T20:39:56.325182+00:00] [w0] No more targets. Exiting.
[2026-04-15T20:39:56.480537+00:00] [main] All workers done
