[2026-04-20T13:21:15.322125+00:00] Gathering live repos from HF…
[2026-04-20T13:21:15.746961+00:00] 1440 live translate-* repos
[2026-04-20T13:21:15.967819+00:00] Catalog written: /tmp/windyword_org_catalog.md (347,778 bytes)
[2026-04-20T13:21:41.072521+00:00] Gathering live repos from HF…
[2026-04-20T13:21:41.412531+00:00] 1443 live translate-* repos
[2026-04-20T13:21:41.612268+00:00] Catalog written: /tmp/windyword_org_catalog.md (348,752 bytes)
[2026-04-20T13:21:41.612302+00:00] Creating/ensuring org-profile repo: WindyWord/WindyWord
[2026-04-20T13:21:42.156195+00:00] Uploading catalog README…
[2026-04-20T13:21:43.265828+00:00] ✓ Uploaded to https://huggingface.co/WindyWord/WindyWord
[2026-04-20T13:21:43.265891+00:00] If HF does not yet show this as the org landing page, visit org settings and pin this repo.
[2026-04-21T15:38:56.120517+00:00] Gathering live repos from HF…
[2026-04-21T15:38:56.641906+00:00] 1608 live translate-* repos
[2026-04-21T15:38:56.851104+00:00] Catalog written: /tmp/windyword_org_catalog.md (387,317 bytes)
[2026-04-21T15:38:56.851140+00:00] Creating/ensuring org-profile repo: WindyWord/WindyWord
[2026-04-21T15:38:56.944861+00:00] Uploading catalog README…
[2026-04-21T15:38:57.663978+00:00] ✓ Uploaded to https://huggingface.co/WindyWord/WindyWord
[2026-04-21T15:38:57.664044+00:00] If HF does not yet show this as the org landing page, visit org settings and pin this repo.
[2026-04-21T20:14:22.224933+00:00] Gathering live repos from HF…
[2026-04-21T20:14:22.646256+00:00] 1608 live translate-* repos
[2026-04-21T20:14:22.858207+00:00] Catalog written: /tmp/windyword_org_catalog.md (387,317 bytes)
[2026-04-21T20:14:22.858238+00:00] Creating/ensuring org-profile repo: WindyWord/WindyWord
[2026-04-21T20:14:22.939986+00:00] Uploading catalog README…
[2026-04-21T20:14:23.410850+00:00] ✓ Uploaded to https://huggingface.co/WindyWord/WindyWord
[2026-04-21T20:14:23.410914+00:00] If HF does not yet show this as the org landing page, visit org settings and pin this repo.
[2026-04-21T20:15:19.823974+00:00] Gathering live repos from HF…
[2026-04-21T20:15:20.366507+00:00] 1608 live translate-* repos
[2026-04-21T20:15:20.877081+00:00] Catalog written: /tmp/windyword_org_catalog.md (392,289 bytes)
[2026-04-21T20:15:20.877114+00:00] Creating/ensuring org-profile repo: WindyWord/WindyWord
[2026-04-21T20:15:20.958379+00:00] Uploading catalog README…
[2026-04-21T20:15:21.580978+00:00] ✓ Uploaded to https://huggingface.co/WindyWord/WindyWord
[2026-04-21T20:15:21.581032+00:00] If HF does not yet show this as the org landing page, visit org settings and pin this repo.
[2026-04-28T00:06:11.919839+00:00] Gathering live repos from HF…
[2026-04-28T00:06:12.442249+00:00] 1608 live translate-* repos
[2026-04-28T00:06:13.334676+00:00] Catalog written: /tmp/windyword_org_catalog.md (402,908 bytes)
[2026-04-28T00:06:13.334708+00:00] Creating/ensuring org-profile repo: WindyWord/WindyWord
[2026-04-28T00:06:13.421302+00:00] Uploading catalog README…
[2026-04-28T00:06:14.592870+00:00] ✓ Uploaded to https://huggingface.co/WindyWord/WindyWord
[2026-04-28T00:06:14.592933+00:00] If HF does not yet show this as the org landing page, visit org settings and pin this repo.
[2026-04-28T01:35:08.307367+00:00] Gathering live repos from HF…
[2026-04-28T01:35:08.727370+00:00] 1608 live translate-* repos
[2026-04-28T01:35:09.258519+00:00] Catalog written: /tmp/windyword_org_catalog.md (403,885 bytes)
[2026-04-28T01:35:09.258552+00:00] Creating/ensuring org-profile repo: WindyWord/WindyWord
[2026-04-28T01:35:09.339507+00:00] Uploading catalog README…
[2026-04-28T01:35:10.376634+00:00] ✓ Uploaded to https://huggingface.co/WindyWord/WindyWord
[2026-04-28T01:35:10.376691+00:00] If HF does not yet show this as the org landing page, visit org settings and pin this repo.
[2026-05-06T02:23:14.774167+00:00] Gathering live repos from HF…
[2026-05-06T02:23:15.212511+00:00] 1609 live translate-* repos
[2026-05-06T02:23:15.740752+00:00] Catalog written: /tmp/windyword_org_catalog.md (403,863 bytes)
[2026-05-06T02:23:15.740788+00:00] Creating/ensuring org-profile repo: WindyWord/WindyWord
[2026-05-06T02:23:15.826680+00:00] Uploading catalog README…
[2026-05-06T02:23:16.760400+00:00] ✓ Uploaded to https://huggingface.co/WindyWord/WindyWord
[2026-05-06T02:23:16.760469+00:00] If HF does not yet show this as the org landing page, visit org settings and pin this repo.
