[2026-04-21T20:04:45.666672+00:00] Port run — 0 already done
[2026-04-21T20:04:45.666786+00:00] [parent 1/22] it
[2026-04-21T20:04:45.922502+00:00]   downloading WindyProLabs/windy-lingua-it via Veron1…
[2026-04-21T20:04:46.244241+00:00]   creating WindyWord/listen-windy-lingua-it…
[2026-04-21T20:04:46.505871+00:00]   uploading files to WindyWord/listen-windy-lingua-it/safetensors…
[2026-04-21T20:05:10.584157+00:00]   ✓ ported WindyProLabs/windy-lingua-it → WindyWord/listen-windy-lingua-it
[2026-04-21T20:05:10.584206+00:00] [parent 2/22] pt
[2026-04-21T20:05:10.759744+00:00]   downloading WindyProLabs/windy-lingua-pt via Veron1…
[2026-04-21T20:05:11.174960+00:00]   creating WindyWord/listen-windy-lingua-pt…
[2026-04-21T20:05:11.594075+00:00]   uploading files to WindyWord/listen-windy-lingua-pt/safetensors…
[2026-04-21T20:05:24.275550+00:00]   ✓ ported WindyProLabs/windy-lingua-pt → WindyWord/listen-windy-lingua-pt
[2026-04-21T20:05:24.275604+00:00] [parent 3/22] fa
[2026-04-21T20:05:24.416963+00:00]   downloading WindyProLabs/windy-lingua-fa via Veron1…
[2026-04-21T20:05:24.658713+00:00]   creating WindyWord/listen-windy-lingua-fa…
[2026-04-21T20:05:24.968844+00:00]   uploading files to WindyWord/listen-windy-lingua-fa/safetensors…
[2026-04-21T20:05:36.283725+00:00]   ✓ ported WindyProLabs/windy-lingua-fa → WindyWord/listen-windy-lingua-fa
[2026-04-21T20:05:36.283789+00:00] [parent 4/22] nl
[2026-04-21T20:05:36.436949+00:00]   downloading WindyProLabs/windy-lingua-nl via Veron1…
[2026-04-21T20:05:36.686185+00:00]   creating WindyWord/listen-windy-lingua-nl…
[2026-04-21T20:05:36.974561+00:00]   uploading files to WindyWord/listen-windy-lingua-nl/safetensors…
[2026-04-21T20:05:49.879318+00:00]   ✓ ported WindyProLabs/windy-lingua-nl → WindyWord/listen-windy-lingua-nl
[2026-04-21T20:05:49.879361+00:00] [parent 5/22] ca
[2026-04-21T20:05:50.035386+00:00]   downloading WindyProLabs/windy-lingua-ca via Veron1…
[2026-04-21T20:05:50.263255+00:00]   creating WindyWord/listen-windy-lingua-ca…
[2026-04-21T20:05:50.550081+00:00]   uploading files to WindyWord/listen-windy-lingua-ca/safetensors…
[2026-04-21T20:06:03.935705+00:00]   ✓ ported WindyProLabs/windy-lingua-ca → WindyWord/listen-windy-lingua-ca
[2026-04-21T20:06:03.935753+00:00] [parent 6/22] ms
[2026-04-21T20:06:04.117750+00:00]   downloading WindyProLabs/windy-lingua-ms via Veron1…
[2026-04-21T20:06:04.447449+00:00]   creating WindyWord/listen-windy-lingua-ms…
[2026-04-21T20:06:04.744208+00:00]   uploading files to WindyWord/listen-windy-lingua-ms/safetensors…
[2026-04-21T20:06:14.115856+00:00]   ✓ ported WindyProLabs/windy-lingua-ms → WindyWord/listen-windy-lingua-ms
[2026-04-21T20:06:14.115900+00:00] [parent 7/22] fi
[2026-04-21T20:06:14.254630+00:00]   downloading WindyProLabs/windy-lingua-fi via Veron1…
[2026-04-21T20:06:14.512573+00:00]   creating WindyWord/listen-windy-lingua-fi…
[2026-04-21T20:06:14.829049+00:00]   uploading files to WindyWord/listen-windy-lingua-fi/safetensors…
[2026-04-21T20:06:36.176789+00:00]   ✓ ported WindyProLabs/windy-lingua-fi → WindyWord/listen-windy-lingua-fi
[2026-04-21T20:06:36.176834+00:00] [parent 8/22] no
[2026-04-21T20:06:36.328055+00:00]   downloading WindyProLabs/windy-lingua-no via Veron1…
[2026-04-21T20:06:36.785966+00:00]   creating WindyWord/listen-windy-lingua-no…
[2026-04-21T20:06:37.080514+00:00]   uploading files to WindyWord/listen-windy-lingua-no/safetensors…
[2026-04-21T20:06:41.806081+00:00]   ✓ ported WindyProLabs/windy-lingua-no → WindyWord/listen-windy-lingua-no
[2026-04-21T20:06:41.806127+00:00] [parent 9/22] cs
[2026-04-21T20:06:41.946600+00:00]   downloading WindyProLabs/windy-lingua-cs via Veron1…
[2026-04-21T20:06:42.179540+00:00]   creating WindyWord/listen-windy-lingua-cs…
[2026-04-21T20:06:42.592163+00:00]   uploading files to WindyWord/listen-windy-lingua-cs/safetensors…
[2026-04-21T20:07:03.174196+00:00]   ✓ ported WindyProLabs/windy-lingua-cs → WindyWord/listen-windy-lingua-cs
[2026-04-21T20:07:03.174241+00:00] [parent 10/22] hy
[2026-04-21T20:07:03.328879+00:00]   downloading WindyProLabs/windy-lingua-hy via Veron1…
[2026-04-21T20:07:03.635387+00:00]   creating WindyWord/listen-windy-lingua-hy…
[2026-04-21T20:07:04.030279+00:00]   uploading files to WindyWord/listen-windy-lingua-hy/safetensors…
[2026-04-21T20:07:10.352475+00:00]   ✓ ported WindyProLabs/windy-lingua-hy → WindyWord/listen-windy-lingua-hy
[2026-04-21T20:07:10.352524+00:00] [parent 11/22] az
[2026-04-21T20:07:10.517453+00:00]   downloading WindyProLabs/windy-lingua-az via Veron1…
[2026-04-21T20:07:10.759520+00:00]   creating WindyWord/listen-windy-lingua-az…
[2026-04-21T20:07:11.056006+00:00]   uploading files to WindyWord/listen-windy-lingua-az/safetensors…
[2026-04-21T20:07:51.501292+00:00]   README ERR WindyWord/listen-windy-lingua-az: 502 Server Error: Bad Gateway for url: https://huggingface.co/api/models/WindyWord/listen-windy-lingua-az/commit/main (Amz CF ID: QixoNhlcma
[2026-04-21T20:07:51.501486+00:00]   ✓ ported WindyProLabs/windy-lingua-az → WindyWord/listen-windy-lingua-az
[2026-04-21T20:07:51.501518+00:00] [parent 12/22] bn
[2026-04-21T20:07:51.640366+00:00]   downloading WindyProLabs/windy-lingua-bn via Veron1…
[2026-04-21T20:07:52.051353+00:00]   creating WindyWord/listen-windy-lingua-bn…
[2026-04-21T20:07:52.348679+00:00]   uploading files to WindyWord/listen-windy-lingua-bn/safetensors…
[2026-04-21T20:08:13.080008+00:00]   ✓ ported WindyProLabs/windy-lingua-bn → WindyWord/listen-windy-lingua-bn
[2026-04-21T20:08:13.080056+00:00] [parent 13/22] gu
[2026-04-21T20:08:13.317691+00:00]   downloading WindyProLabs/windy-lingua-gu via Veron1…
[2026-04-21T20:08:13.608486+00:00]   creating WindyWord/listen-windy-lingua-gu…
[2026-04-21T20:08:13.940065+00:00]   uploading files to WindyWord/listen-windy-lingua-gu/safetensors…
[2026-04-21T20:08:30.194375+00:00]   ✓ ported WindyProLabs/windy-lingua-gu → WindyWord/listen-windy-lingua-gu
[2026-04-21T20:08:30.194420+00:00] [parent 14/22] hu
[2026-04-21T20:08:30.333963+00:00]   downloading WindyProLabs/windy-lingua-hu via Veron1…
[2026-04-21T20:08:30.560475+00:00]   creating WindyWord/listen-windy-lingua-hu…
[2026-04-21T20:08:30.908325+00:00]   uploading files to WindyWord/listen-windy-lingua-hu/safetensors…
[2026-04-21T20:08:43.024494+00:00]   ✓ ported WindyProLabs/windy-lingua-hu → WindyWord/listen-windy-lingua-hu
[2026-04-21T20:08:43.024542+00:00] [parent 15/22] kk
[2026-04-21T20:08:43.225505+00:00]   downloading WindyProLabs/windy-lingua-kk via Veron1…
[2026-04-21T20:08:43.582939+00:00]   creating WindyWord/listen-windy-lingua-kk…
[2026-04-21T20:08:43.866963+00:00]   uploading files to WindyWord/listen-windy-lingua-kk/safetensors…
[2026-04-21T20:08:53.795860+00:00]   ✓ ported WindyProLabs/windy-lingua-kk → WindyWord/listen-windy-lingua-kk
[2026-04-21T20:08:53.795909+00:00] [parent 16/22] km
[2026-04-21T20:08:53.944446+00:00]   downloading WindyProLabs/windy-lingua-km via Veron1…
[2026-04-21T20:08:54.157631+00:00]   creating WindyWord/listen-windy-lingua-km…
[2026-04-21T20:08:54.511093+00:00]   uploading files to WindyWord/listen-windy-lingua-km/safetensors…
[2026-04-21T20:08:58.368074+00:00]   ✓ ported WindyProLabs/windy-lingua-km → WindyWord/listen-windy-lingua-km
[2026-04-21T20:08:58.368130+00:00] [parent 17/22] mr
[2026-04-21T20:08:58.553140+00:00]   downloading WindyProLabs/windy-lingua-mr via Veron1…
[2026-04-21T20:08:58.775298+00:00]   creating WindyWord/listen-windy-lingua-mr…
[2026-04-21T20:08:59.170382+00:00]   uploading files to WindyWord/listen-windy-lingua-mr/safetensors…
[2026-04-21T20:09:11.893055+00:00]   ✓ ported WindyProLabs/windy-lingua-mr → WindyWord/listen-windy-lingua-mr
[2026-04-21T20:09:11.893102+00:00] [parent 18/22] pa
[2026-04-21T20:09:12.147504+00:00]   downloading WindyProLabs/windy-lingua-pa via Veron1…
[2026-04-21T20:09:12.465514+00:00]   creating WindyWord/listen-windy-lingua-pa…
[2026-04-21T20:09:12.910462+00:00]   uploading files to WindyWord/listen-windy-lingua-pa/safetensors…
[2026-04-21T20:09:27.428008+00:00]   ✓ ported WindyProLabs/windy-lingua-pa → WindyWord/listen-windy-lingua-pa
[2026-04-21T20:09:27.428057+00:00] [parent 19/22] ro
[2026-04-21T20:09:27.600041+00:00]   downloading WindyProLabs/windy-lingua-ro via Veron1…
[2026-04-21T20:09:27.890524+00:00]   creating WindyWord/listen-windy-lingua-ro…
[2026-04-21T20:09:30.230187+00:00]   uploading files to WindyWord/listen-windy-lingua-ro/safetensors…
[2026-04-21T20:09:50.632614+00:00]   ✓ ported WindyProLabs/windy-lingua-ro → WindyWord/listen-windy-lingua-ro
[2026-04-21T20:09:50.632659+00:00] [parent 20/22] te
[2026-04-21T20:09:50.781197+00:00]   downloading WindyProLabs/windy-lingua-te via Veron1…
[2026-04-21T20:09:51.047012+00:00]   creating WindyWord/listen-windy-lingua-te…
[2026-04-21T20:09:51.449442+00:00]   uploading files to WindyWord/listen-windy-lingua-te/safetensors…
[2026-04-21T20:09:55.679577+00:00]   ✓ ported WindyProLabs/windy-lingua-te → WindyWord/listen-windy-lingua-te
[2026-04-21T20:09:55.679631+00:00] [parent 21/22] si
[2026-04-21T20:09:55.830039+00:00]   downloading WindyProLabs/windy-lingua-si via Veron1…
[2026-04-21T20:10:03.752894+00:00]   creating WindyWord/listen-windy-lingua-si…
[2026-04-21T20:10:04.171334+00:00]   uploading files to WindyWord/listen-windy-lingua-si/safetensors…
[2026-04-21T20:10:09.587024+00:00]   ✓ ported WindyProLabs/windy-lingua-si → WindyWord/listen-windy-lingua-si
[2026-04-21T20:10:09.587070+00:00] [parent 22/22] ja
[2026-04-21T20:10:09.722096+00:00]   downloading WindyProLabs/windy-lingua-ja via Veron1…
[2026-04-21T20:10:09.947418+00:00]   creating WindyWord/listen-windy-lingua-ja…
[2026-04-21T20:10:10.240204+00:00]   uploading files to WindyWord/listen-windy-lingua-ja/safetensors…
[2026-04-21T20:10:13.102220+00:00]   ✓ ported WindyProLabs/windy-lingua-ja → WindyWord/listen-windy-lingua-ja
[2026-04-21T20:10:13.102266+00:00] [ct2 1/7] ca-ct2
[2026-04-21T20:10:13.175317+00:00]   downloading WindyProLabs/windy-lingua-ca-ct2 via Veron1…
[2026-04-21T20:10:24.163596+00:00]   creating WindyWord/listen-windy-lingua-ca-ct2…
[2026-04-21T20:10:24.441126+00:00]   uploading files to WindyWord/listen-windy-lingua-ca-ct2/ct2-int8…
[2026-04-21T20:10:27.681753+00:00]   ✓ ported WindyProLabs/windy-lingua-ca-ct2 → WindyWord/listen-windy-lingua-ca-ct2
[2026-04-21T20:10:27.681791+00:00] [ct2 2/7] fa-ct2
[2026-04-21T20:10:27.758287+00:00]   downloading WindyProLabs/windy-lingua-fa-ct2 via Veron1…
[2026-04-21T20:10:32.139227+00:00]   creating WindyWord/listen-windy-lingua-fa-ct2…
[2026-04-21T20:10:33.911659+00:00]   uploading files to WindyWord/listen-windy-lingua-fa-ct2/ct2-int8…
[2026-04-21T20:10:36.141487+00:00]   ✓ ported WindyProLabs/windy-lingua-fa-ct2 → WindyWord/listen-windy-lingua-fa-ct2
[2026-04-21T20:10:36.141535+00:00] [ct2 3/7] it-ct2
[2026-04-21T20:10:36.205060+00:00]   downloading WindyProLabs/windy-lingua-it-ct2 via Veron1…
[2026-04-21T20:10:53.894905+00:00]   creating WindyWord/listen-windy-lingua-it-ct2…
[2026-04-21T20:10:54.253373+00:00]   uploading files to WindyWord/listen-windy-lingua-it-ct2/ct2-int8…
[2026-04-21T20:11:00.128371+00:00]   ✓ ported WindyProLabs/windy-lingua-it-ct2 → WindyWord/listen-windy-lingua-it-ct2
[2026-04-21T20:11:00.128409+00:00] [ct2 4/7] ms-ct2
[2026-04-21T20:11:00.203223+00:00]   downloading WindyProLabs/windy-lingua-ms-ct2 via Veron1…
[2026-04-21T20:11:04.514615+00:00]   creating WindyWord/listen-windy-lingua-ms-ct2…
[2026-04-21T20:11:05.023042+00:00]   uploading files to WindyWord/listen-windy-lingua-ms-ct2/ct2-int8…
[2026-04-21T20:11:07.344092+00:00]   ✓ ported WindyProLabs/windy-lingua-ms-ct2 → WindyWord/listen-windy-lingua-ms-ct2
[2026-04-21T20:11:07.344132+00:00] [ct2 5/7] nl-ct2
[2026-04-21T20:11:07.408644+00:00]   downloading WindyProLabs/windy-lingua-nl-ct2 via Veron1…
[2026-04-21T20:11:24.640643+00:00]   creating WindyWord/listen-windy-lingua-nl-ct2…
[2026-04-21T20:11:27.647918+00:00]   uploading files to WindyWord/listen-windy-lingua-nl-ct2/ct2-int8…
[2026-04-21T20:11:31.799319+00:00]   ✓ ported WindyProLabs/windy-lingua-nl-ct2 → WindyWord/listen-windy-lingua-nl-ct2
[2026-04-21T20:11:31.799364+00:00] [ct2 6/7] az-ct2
[2026-04-21T20:11:31.862835+00:00]   downloading WindyProLabs/windy-lingua-az-ct2 via Veron1…
[2026-04-21T20:11:43.564412+00:00]   creating WindyWord/listen-windy-lingua-az-ct2…
[2026-04-21T20:11:43.849897+00:00]   uploading files to WindyWord/listen-windy-lingua-az-ct2/ct2-int8…
[2026-04-21T20:11:51.179579+00:00]   ✓ ported WindyProLabs/windy-lingua-az-ct2 → WindyWord/listen-windy-lingua-az-ct2
[2026-04-21T20:11:51.179625+00:00] [ct2 7/7] ja-ct2
[2026-04-21T20:11:51.244936+00:00]   downloading WindyProLabs/windy-lingua-ja-ct2 via Veron1…
[2026-04-21T20:11:54.511575+00:00]   creating WindyWord/listen-windy-lingua-ja-ct2…
[2026-04-21T20:11:55.192736+00:00]   uploading files to WindyWord/listen-windy-lingua-ja-ct2/ct2-int8…
[2026-04-21T20:11:57.204191+00:00]   ✓ ported WindyProLabs/windy-lingua-ja-ct2 → WindyWord/listen-windy-lingua-ja-ct2
[2026-04-21T20:11:57.204228+00:00] [orphan ct2] lt-ct2
[2026-04-21T20:11:57.277175+00:00]   downloading WindyProLabs/windy-lingua-lt-ct2 via Veron1…
[2026-04-21T20:12:00.257548+00:00]   creating WindyWord/listen-windy-lingua-lt-ct2…
[2026-04-21T20:12:00.538937+00:00]   uploading files to WindyWord/listen-windy-lingua-lt-ct2/ct2-int8…
[2026-04-21T20:12:07.592347+00:00]   ✓ ported WindyProLabs/windy-lingua-lt-ct2 → WindyWord/listen-windy-lingua-lt-ct2
[2026-04-21T20:12:07.592388+00:00] 
=== Signing 23 patient files ===
[2026-04-21T20:12:07.597520+00:00] 
=== SUMMARY ===
[2026-04-21T20:12:07.597546+00:00] Parents ported: 22  (['az', 'bn', 'ca', 'cs', 'fa', 'fi', 'gu', 'hu', 'hy', 'it', 'ja', 'kk', 'km', 'mr', 'ms', 'nl', 'no', 'pa', 'pt', 'ro', 'si', 'te'])
[2026-04-21T20:12:07.597558+00:00] CT2s ported:    8  (['az', 'ca', 'fa', 'it', 'ja', 'lt', 'ms', 'nl'])
[2026-04-21T20:12:07.597567+00:00] Errors:         0
